<?xml version="1.0" encoding="UTF-8"?>
<!-- Generated by org.testng.reporters.JUnitReportReporter -->
<testsuite hostname="DESKTOP-DV15ISV" failures="0" tests="1" name="Tests.Test2_Add_Remove_stock" time="37.078" errors="0" timestamp="2022-10-09T12:41:05 IST" skipped="0">
  <testcase classname="Tests.Test2_Add_Remove_stock" name="Watchlist" time="37.078"/>
  <system-out/>
</testsuite> <!-- Tests.Test2_Add_Remove_stock -->
