<?xml version="1.0" encoding="UTF-8"?>
<!-- Generated by org.testng.reporters.JUnitReportReporter -->
<testsuite hostname="DESKTOP-DV15ISV" failures="0" tests="1" name="Tests.Test3_Verify_Click_On_Buy_Sell_Btn" time="58.858" errors="0" timestamp="2022-10-12T20:43:44 IST" skipped="0">
  <testcase classname="Tests.Test3_Verify_Click_On_Buy_Sell_Btn" name="Buy_Sell_Stock" time="58.858"/>
  <system-out/>
</testsuite> <!-- Tests.Test3_Verify_Click_On_Buy_Sell_Btn -->
