<?xml version="1.0" encoding="UTF-8"?>
<!-- Generated by org.testng.reporters.JUnitReportReporter -->
<testsuite hostname="DESKTOP-DV15ISV" failures="0" tests="1" name="Tests.Test1_VerifyUserID" time="12.055" errors="0" timestamp="2022-10-09T10:54:46 IST" skipped="0">
  <testcase classname="Tests.Test1_VerifyUserID" name="VerifyUserId" time="12.055"/>
  <system-out/>
</testsuite> <!-- Tests.Test1_VerifyUserID -->
